\BOOKMARK [0][-]{section*.1}{\376\377\000D\000e\000c\000l\000a\000r\000a\000t\000i\000o\000n\000\040\000o\000f\000\040\000O\000r\000i\000g\000i\000n\000a\000l\000i\000t\000y}{}% 1
\BOOKMARK [0][-]{section*.2}{\376\377\000A\000c\000k\000n\000o\000w\000l\000e\000d\000g\000e\000m\000e\000n\000t\000s}{}% 2
\BOOKMARK [0][-]{section*.3}{\376\377\000A\000b\000s\000t\000r\000a\000c\000t}{}% 3
\BOOKMARK [0][-]{chapter.11}{\376\377\000I\000n\000t\000r\000o\000d\000u\000c\000t\000i\000o\000n}{}% 4
\BOOKMARK [1][-]{section.12}{\376\377\000W\000h\000y\000\040\000S\000o\000u\000r\000c\000e\000\040\000S\000e\000p\000a\000r\000a\000t\000i\000o\000n\000?}{chapter.11}% 5
\BOOKMARK [1][-]{section.13}{\376\377\000H\000i\000s\000t\000o\000r\000i\000c\000a\000l\000\040\000W\000o\000r\000k}{chapter.11}% 6
\BOOKMARK [1][-]{section.14}{\376\377\000L\000i\000m\000i\000t\000a\000t\000i\000o\000n\000s}{chapter.11}% 7
\BOOKMARK [0][-]{chapter.15}{\376\377\000M\000e\000t\000h\000o\000d\000o\000l\000o\000g\000y}{}% 8
\BOOKMARK [1][-]{section.16}{\376\377\000S\000u\000p\000e\000r\000v\000i\000s\000e\000d\000\040\000l\000e\000a\000r\000n\000i\000n\000g\000\040\000a\000r\000c\000h\000i\000t\000e\000c\000t\000u\000r\000e\000\040\000f\000o\000r\000\040\000s\000p\000e\000e\000c\000h\000\040\000e\000n\000h\000a\000n\000c\000e\000m\000e\000n\000t}{chapter.15}% 9
\BOOKMARK [1][-]{section.18}{\376\377\000D\000a\000t\000a\000s\000e\000t}{chapter.15}% 10
\BOOKMARK [2][-]{subsection.19}{\376\377\000G\000e\000n\000e\000r\000a\000t\000i\000o\000n\000\040\000o\000f\000\040\000N\000o\000i\000s\000y\000\040\000M\000i\000x\000t\000u\000r\000e}{section.18}% 11
\BOOKMARK [1][-]{section.21}{\376\377\000F\000e\000a\000t\000u\000r\000e\000s}{chapter.15}% 12
\BOOKMARK [2][-]{subsection.22}{\376\377\000S\000p\000e\000c\000t\000r\000o\000g\000r\000a\000m}{section.21}% 13
\BOOKMARK [2][-]{subsection.24}{\376\377\000G\000F\000C\000C}{section.21}% 14
\BOOKMARK [2][-]{subsection.28}{\376\377\000M\000F\000C\000C}{section.21}% 15
\BOOKMARK [2][-]{subsection.30}{\376\377\000P\000i\000t\000c\000h}{section.21}% 16
\BOOKMARK [2][-]{subsection.32}{\376\377\000C\000o\000c\000h\000l\000e\000a\000g\000r\000a\000m}{section.21}% 17
\BOOKMARK [1][-]{section.34}{\376\377\000T\000r\000a\000i\000n\000i\000n\000g\000\040\000T\000a\000r\000g\000e\000t\000s}{chapter.15}% 18
\BOOKMARK [2][-]{subsection.35}{\376\377\000I\000R\000M}{section.34}% 19
\BOOKMARK [0][-]{chapter.37}{\376\377\000D\000e\000e\000p\000\040\000L\000e\000a\000r\000n\000i\000n\000g\000\040\000M\000o\000d\000e\000l\000s}{}% 20
\BOOKMARK [1][-]{section.38}{\376\377\000B\000a\000s\000e\000l\000i\000n\000e\000\040\000D\000N\000N\000\040\000m\000o\000d\000e\000l}{chapter.37}% 21
\BOOKMARK [2][-]{subsection.43}{\376\377\000E\000x\000p\000e\000r\000i\000m\000e\000n\000t\000s\000\040\000w\000i\000t\000h\000\040\000b\000a\000s\000e\000l\000i\000n\000e\000\040\000D\000N\000N}{section.38}% 22
\BOOKMARK [1][-]{section.62}{\376\377\000D\000N\000N\000\040\000m\000o\000d\000e\000l\000\040\000b\000a\000s\000e\000d\000\040\000o\000n\000\040\000b\000i\000a\000s\000e\000d\000\040\000s\000i\000g\000m\000o\000i\000d\000\040\000a\000c\000t\000i\000v\000a\000t\000i\000o\000n}{chapter.37}% 23
\BOOKMARK [2][-]{subsection.65}{\376\377\000E\000x\000p\000e\000r\000i\000m\000e\000n\000t\000s\000\040\000w\000i\000t\000h\000\040\000t\000h\000e\000\040\000D\000N\000N\000\040\000u\000s\000i\000n\000g\000\040\000b\000i\000a\000s\000e\000d\000\040\000a\000c\000t\000i\000v\000a\000t\000i\000o\000n}{section.62}% 24
\BOOKMARK [1][-]{section.84}{\376\377\000D\000e\000e\000p\000\040\000L\000e\000a\000r\000n\000i\000n\000g\000\040\000M\000o\000d\000e\000l\000\040\000b\000a\000s\000e\000d\000\040\000o\000n\000\040\000C\000N\000N}{chapter.37}% 25
\BOOKMARK [2][-]{subsection.87}{\376\377\000E\000x\000p\000e\000r\000i\000m\000e\000n\000t\000s\000\040\000w\000i\000t\000h\000\040\000t\000h\000e\000\040\000d\000e\000e\000p\000\040\000C\000N\000N}{section.84}% 26
\BOOKMARK [0][-]{chapter.96}{\376\377\000P\000e\000r\000f\000o\000r\000m\000a\000n\000c\000e\000\040\000A\000n\000a\000l\000y\000s\000i\000s\000\040\000a\000n\000d\000\040\000C\000o\000n\000c\000l\000u\000s\000i\000o\000n\000s}{}% 27
\BOOKMARK [1][-]{section.97}{\376\377\000I\000n\000t\000e\000l\000l\000i\000g\000i\000b\000i\000l\000i\000t\000y\000\040\000A\000n\000a\000l\000y\000s\000i\000s}{chapter.96}% 28
\BOOKMARK [1][-]{section.99}{\376\377\000Q\000u\000a\000l\000i\000t\000y\000\040\000A\000n\000a\000l\000y\000s\000i\000s}{chapter.96}% 29
\BOOKMARK [1][-]{section.101}{\376\377\000C\000o\000n\000c\000l\000u\000s\000i\000o\000n\000s}{chapter.96}% 30
\BOOKMARK [1][-]{section.102}{\376\377\000F\000u\000t\000u\000r\000e\000\040\000P\000r\000o\000s\000p\000e\000c\000t\000s}{chapter.96}% 31
\BOOKMARK [0][-]{appendix.103}{\376\377\000P\000e\000r\000f\000o\000r\000m\000a\000n\000c\000e\000\040\000M\000e\000t\000r\000i\000c\000s}{}% 32
\BOOKMARK [1][-]{section.104}{\376\377\000S\000T\000O\000I}{appendix.103}% 33
\BOOKMARK [1][-]{section.105}{\376\377\000P\000E\000S\000Q}{appendix.103}% 34
